[WARNING] Could not convert TeX math \\, rendering as TeX:
  \\
    ^
  unexpected control sequence \\
  expecting "%", "\\label", "\\tag", "\\nonumber" or whitespace
[WARNING] Could not convert TeX math \\, rendering as TeX:
  \\
    ^
  unexpected control sequence \\
  expecting "%", "\\label", "\\tag", "\\nonumber" or whitespace
[WARNING] Could not convert TeX math \\, rendering as TeX:
  \\
    ^
  unexpected control sequence \\
  expecting "%", "\\label", "\\tag", "\\nonumber" or whitespace
[WARNING] Could not convert TeX math \\, rendering as TeX:
  \\
    ^
  unexpected control sequence \\
  expecting "%", "\\label", "\\tag", "\\nonumber" or whitespace
[WARNING] Could not convert TeX math \\, rendering as TeX:
  \\
    ^
  unexpected control sequence \\
  expecting "%", "\\label", "\\tag", "\\nonumber" or whitespace
[WARNING] Could not convert TeX math \\, rendering as TeX:
  \\
    ^
  unexpected control sequence \\
  expecting "%", "\\label", "\\tag", "\\nonumber" or whitespace
[WARNING] Could not convert TeX math \\, rendering as TeX:
  \\
    ^
  unexpected control sequence \\
  expecting "%", "\\label", "\\tag", "\\nonumber" or whitespace
[WARNING] Could not convert TeX math \\, rendering as TeX:
  \\
    ^
  unexpected control sequence \\
  expecting "%", "\\label", "\\tag", "\\nonumber" or whitespace
[WARNING] Could not convert TeX math \\, rendering as TeX:
  \\
    ^
  unexpected control sequence \\
  expecting "%", "\\label", "\\tag", "\\nonumber" or whitespace
[WARNING] Could not convert TeX math \\, rendering as TeX:
  \\
    ^
  unexpected control sequence \\
  expecting "%", "\\label", "\\tag", "\\nonumber" or whitespace
[WARNING] Could not convert TeX math \\, rendering as TeX:
  \\
    ^
  unexpected control sequence \\
  expecting "%", "\\label", "\\tag", "\\nonumber" or whitespace
[WARNING] Could not convert TeX math \\, rendering as TeX:
  \\
    ^
  unexpected control sequence \\
  expecting "%", "\\label", "\\tag", "\\nonumber" or whitespace
[WARNING] Could not convert TeX math \\, rendering as TeX:
  \\
    ^
  unexpected control sequence \\
  expecting "%", "\\label", "\\tag", "\\nonumber" or whitespace
[WARNING] Could not convert TeX math \\, rendering as TeX:
  \\
    ^
  unexpected control sequence \\
  expecting "%", "\\label", "\\tag", "\\nonumber" or whitespace
[WARNING] Could not convert TeX math \\, rendering as TeX:
  \\
    ^
  unexpected control sequence \\
  expecting "%", "\\label", "\\tag", "\\nonumber" or whitespace
[WARNING] Could not convert TeX math \\, rendering as TeX:
  \\
    ^
  unexpected control sequence \\
  expecting "%", "\\label", "\\tag", "\\nonumber" or whitespace
[WARNING] Could not convert TeX math \\, rendering as TeX:
  \\
    ^
  unexpected control sequence \\
  expecting "%", "\\label", "\\tag", "\\nonumber" or whitespace
[WARNING] Could not convert TeX math \\, rendering as TeX:
  \\
    ^
  unexpected control sequence \\
  expecting "%", "\\label", "\\tag", "\\nonumber" or whitespace
[WARNING] Could not convert TeX math \\, rendering as TeX:
  \\
    ^
  unexpected control sequence \\
  expecting "%", "\\label", "\\tag", "\\nonumber" or whitespace
[WARNING] Could not convert TeX math \\, rendering as TeX:
  \\
    ^
  unexpected control sequence \\
  expecting "%", "\\label", "\\tag", "\\nonumber" or whitespace
[WARNING] Could not convert TeX math \\, rendering as TeX:
  \\
    ^
  unexpected control sequence \\
  expecting "%", "\\label", "\\tag", "\\nonumber" or whitespace
[WARNING] Could not convert TeX math \\, rendering as TeX:
  \\
    ^
  unexpected control sequence \\
  expecting "%", "\\label", "\\tag", "\\nonumber" or whitespace
[WARNING] Could not convert TeX math \\, rendering as TeX:
  \\
    ^
  unexpected control sequence \\
  expecting "%", "\\label", "\\tag", "\\nonumber" or whitespace
[WARNING] Could not convert TeX math \\, rendering as TeX:
  \\
    ^
  unexpected control sequence \\
  expecting "%", "\\label", "\\tag", "\\nonumber" or whitespace
[WARNING] Could not convert TeX math \\, rendering as TeX:
  \\
    ^
  unexpected control sequence \\
  expecting "%", "\\label", "\\tag", "\\nonumber" or whitespace
[WARNING] Could not convert TeX math \\, rendering as TeX:
  \\
    ^
  unexpected control sequence \\
  expecting "%", "\\label", "\\tag", "\\nonumber" or whitespace
[WARNING] Could not convert TeX math \\, rendering as TeX:
  \\
    ^
  unexpected control sequence \\
  expecting "%", "\\label", "\\tag", "\\nonumber" or whitespace
[WARNING] Could not convert TeX math \\, rendering as TeX:
  \\
    ^
  unexpected control sequence \\
  expecting "%", "\\label", "\\tag", "\\nonumber" or whitespace
[WARNING] Could not convert TeX math \\, rendering as TeX:
  \\
    ^
  unexpected control sequence \\
  expecting "%", "\\label", "\\tag", "\\nonumber" or whitespace
[WARNING] Could not convert TeX math \\, rendering as TeX:
  \\
    ^
  unexpected control sequence \\
  expecting "%", "\\label", "\\tag", "\\nonumber" or whitespace
[WARNING] Could not convert TeX math \\, rendering as TeX:
  \\
    ^
  unexpected control sequence \\
  expecting "%", "\\label", "\\tag", "\\nonumber" or whitespace
[WARNING] Could not convert TeX math \\, rendering as TeX:
  \\
    ^
  unexpected control sequence \\
  expecting "%", "\\label", "\\tag", "\\nonumber" or whitespace
[WARNING] Could not convert TeX math \\, rendering as TeX:
  \\
    ^
  unexpected control sequence \\
  expecting "%", "\\label", "\\tag", "\\nonumber" or whitespace
[WARNING] Could not convert TeX math \\, rendering as TeX:
  \\
    ^
  unexpected control sequence \\
  expecting "%", "\\label", "\\tag", "\\nonumber" or whitespace
[WARNING] Could not convert TeX math \\, rendering as TeX:
  \\
    ^
  unexpected control sequence \\
  expecting "%", "\\label", "\\tag", "\\nonumber" or whitespace
[WARNING] Could not convert TeX math \\, rendering as TeX:
  \\
    ^
  unexpected control sequence \\
  expecting "%", "\\label", "\\tag", "\\nonumber" or whitespace
[WARNING] Could not convert TeX math \\, rendering as TeX:
  \\
    ^
  unexpected control sequence \\
  expecting "%", "\\label", "\\tag", "\\nonumber" or whitespace
[WARNING] Could not convert TeX math \\, rendering as TeX:
  \\
    ^
  unexpected control sequence \\
  expecting "%", "\\label", "\\tag", "\\nonumber" or whitespace
[WARNING] Could not convert TeX math \\, rendering as TeX:
  \\
    ^
  unexpected control sequence \\
  expecting "%", "\\label", "\\tag", "\\nonumber" or whitespace
[WARNING] Could not convert TeX math \\, rendering as TeX:
  \\
    ^
  unexpected control sequence \\
  expecting "%", "\\label", "\\tag", "\\nonumber" or whitespace
[WARNING] Could not convert TeX math \\, rendering as TeX:
  \\
    ^
  unexpected control sequence \\
  expecting "%", "\\label", "\\tag", "\\nonumber" or whitespace
[WARNING] Could not convert TeX math \\, rendering as TeX:
  \\
    ^
  unexpected control sequence \\
  expecting "%", "\\label", "\\tag", "\\nonumber" or whitespace
[WARNING] Could not convert TeX math \\, rendering as TeX:
  \\
    ^
  unexpected control sequence \\
  expecting "%", "\\label", "\\tag", "\\nonumber" or whitespace
[WARNING] Could not convert TeX math \\, rendering as TeX:
  \\
    ^
  unexpected control sequence \\
  expecting "%", "\\label", "\\tag", "\\nonumber" or whitespace
[WARNING] Could not convert TeX math \\, rendering as TeX:
  \\
    ^
  unexpected control sequence \\
  expecting "%", "\\label", "\\tag", "\\nonumber" or whitespace
[WARNING] Could not convert TeX math \\, rendering as TeX:
  \\
    ^
  unexpected control sequence \\
  expecting "%", "\\label", "\\tag", "\\nonumber" or whitespace
[WARNING] Could not convert TeX math \\, rendering as TeX:
  \\
    ^
  unexpected control sequence \\
  expecting "%", "\\label", "\\tag", "\\nonumber" or whitespace
[WARNING] Could not convert TeX math \\, rendering as TeX:
  \\
    ^
  unexpected control sequence \\
  expecting "%", "\\label", "\\tag", "\\nonumber" or whitespace
[WARNING] Could not convert TeX math \\, rendering as TeX:
  \\
    ^
  unexpected control sequence \\
  expecting "%", "\\label", "\\tag", "\\nonumber" or whitespace
[WARNING] Could not convert TeX math \\, rendering as TeX:
  \\
    ^
  unexpected control sequence \\
  expecting "%", "\\label", "\\tag", "\\nonumber" or whitespace
[WARNING] Could not convert TeX math \\, rendering as TeX:
  \\
    ^
  unexpected control sequence \\
  expecting "%", "\\label", "\\tag", "\\nonumber" or whitespace
[WARNING] Could not convert TeX math \\, rendering as TeX:
  \\
    ^
  unexpected control sequence \\
  expecting "%", "\\label", "\\tag", "\\nonumber" or whitespace
[WARNING] Could not convert TeX math \\, rendering as TeX:
  \\
    ^
  unexpected control sequence \\
  expecting "%", "\\label", "\\tag", "\\nonumber" or whitespace
[WARNING] Could not convert TeX math \\, rendering as TeX:
  \\
    ^
  unexpected control sequence \\
  expecting "%", "\\label", "\\tag", "\\nonumber" or whitespace
[WARNING] Could not convert TeX math \\, rendering as TeX:
  \\
    ^
  unexpected control sequence \\
  expecting "%", "\\label", "\\tag", "\\nonumber" or whitespace
[WARNING] Could not convert TeX math \\, rendering as TeX:
  \\
    ^
  unexpected control sequence \\
  expecting "%", "\\label", "\\tag", "\\nonumber" or whitespace
[WARNING] Could not convert TeX math \\, rendering as TeX:
  \\
    ^
  unexpected control sequence \\
  expecting "%", "\\label", "\\tag", "\\nonumber" or whitespace
